160204 18:38:01 [Note] Plugin 'InnoDB' is disabled.
160204 18:38:01 [Note] Event Scheduler: Loaded 0 events
160204 18:38:01 [Note] C:\Program Files (x86)\CS\TWAMPd\ap\mysqld.exe: ready for connections.
Version: '5.1.49-community'  socket: ''  port: 3306  MySQL Community Server (GPL)
160205 14:20:42 [Note] Plugin 'InnoDB' is disabled.
160205 14:20:43 [Note] Event Scheduler: Loaded 0 events
160205 14:20:43 [Note] C:\Program Files (x86)\CS\TWAMPd\ap\mysqld.exe: ready for connections.
Version: '5.1.49-community'  socket: ''  port: 3306  MySQL Community Server (GPL)
160205 17:35:56 [Note] C:\Program Files (x86)\CS\TWAMPd\ap\mysqld.exe: Normal shutdown

160205 17:35:56 [Note] Event Scheduler: Purging the queue. 0 events
160205 17:35:56 [Note] C:\Program Files (x86)\CS\TWAMPd\ap\mysqld.exe: Shutdown complete

160222 21:19:06 [Note] Plugin 'InnoDB' is disabled.
160222 21:19:07 [Note] Event Scheduler: Loaded 0 events
160222 21:19:07 [Note] C:\Program Files (x86)\CS\TWAMPd\ap\mysqld.exe: ready for connections.
Version: '5.1.49-community'  socket: ''  port: 3306  MySQL Community Server (GPL)
160222 21:20:31 [Note] C:\Program Files (x86)\CS\TWAMPd\ap\mysqld.exe: Normal shutdown

160222 21:20:31 [Note] Event Scheduler: Purging the queue. 0 events
160222 21:20:31 [Note] C:\Program Files (x86)\CS\TWAMPd\ap\mysqld.exe: Shutdown complete

160222 21:20:35 [Note] Plugin 'InnoDB' is disabled.
160222 21:20:35 [Note] Event Scheduler: Loaded 0 events
160222 21:20:35 [Note] C:\Program Files (x86)\CS\TWAMPd\ap\mysqld.exe: ready for connections.
Version: '5.1.49-community'  socket: ''  port: 3306  MySQL Community Server (GPL)
160222 21:26:50 [Note] C:\Program Files (x86)\CS\TWAMPd\ap\mysqld.exe: Normal shutdown

160222 21:26:50 [Note] Event Scheduler: Purging the queue. 0 events
160222 21:26:50 [Note] C:\Program Files (x86)\CS\TWAMPd\ap\mysqld.exe: Shutdown complete

160222 21:26:58 [Note] Plugin 'InnoDB' is disabled.
160222 21:26:58 [Note] Event Scheduler: Loaded 0 events
160222 21:26:58 [Note] C:\Program Files (x86)\CS\TWAMPd\ap\mysqld.exe: ready for connections.
Version: '5.1.49-community'  socket: ''  port: 3306  MySQL Community Server (GPL)
160222 21:29:26 [Note] C:\Program Files (x86)\CS\TWAMPd\ap\mysqld.exe: Normal shutdown

160222 21:29:26 [Note] Event Scheduler: Purging the queue. 0 events
160222 21:29:26 [Note] C:\Program Files (x86)\CS\TWAMPd\ap\mysqld.exe: Shutdown complete

160222 21:29:31 [Note] Plugin 'InnoDB' is disabled.
160222 21:29:31 [Note] Event Scheduler: Loaded 0 events
160222 21:29:31 [Note] C:\Program Files (x86)\CS\TWAMPd\ap\mysqld.exe: ready for connections.
Version: '5.1.49-community'  socket: ''  port: 3306  MySQL Community Server (GPL)
160222 21:30:13 [Note] C:\Program Files (x86)\CS\TWAMPd\ap\mysqld.exe: Normal shutdown

160222 21:30:13 [Note] Event Scheduler: Purging the queue. 0 events
160222 21:30:13 [Note] C:\Program Files (x86)\CS\TWAMPd\ap\mysqld.exe: Shutdown complete

160222 21:30:13 [Note] Plugin 'InnoDB' is disabled.
160222 21:30:13 [Note] Event Scheduler: Loaded 0 events
160222 21:30:13 [Note] C:\Program Files (x86)\CS\TWAMPd\ap\mysqld.exe: ready for connections.
Version: '5.1.49-community'  socket: ''  port: 3306  MySQL Community Server (GPL)
160222 21:30:44 [Note] C:\Program Files (x86)\CS\TWAMPd\ap\mysqld.exe: Normal shutdown

160222 21:30:44 [Note] Event Scheduler: Purging the queue. 0 events
160222 21:30:44 [Note] C:\Program Files (x86)\CS\TWAMPd\ap\mysqld.exe: Shutdown complete

160222 21:30:47 [Note] Plugin 'InnoDB' is disabled.
160222 21:30:47 [Note] Event Scheduler: Loaded 0 events
160222 21:30:47 [Note] C:\Program Files (x86)\CS\TWAMPd\ap\mysqld.exe: ready for connections.
Version: '5.1.49-community'  socket: ''  port: 3306  MySQL Community Server (GPL)
160222 21:34:33 [Note] C:\Program Files (x86)\CS\TWAMPd\ap\mysqld.exe: Normal shutdown

160222 21:34:33 [Note] Event Scheduler: Purging the queue. 0 events
160222 21:34:33 [Note] C:\Program Files (x86)\CS\TWAMPd\ap\mysqld.exe: Shutdown complete

160222 21:34:33 [Note] Plugin 'InnoDB' is disabled.
160222 21:34:33 [Note] Event Scheduler: Loaded 0 events
160222 21:34:33 [Note] C:\Program Files (x86)\CS\TWAMPd\ap\mysqld.exe: ready for connections.
Version: '5.1.49-community'  socket: ''  port: 3306  MySQL Community Server (GPL)
160222 21:34:52 [Note] C:\Program Files (x86)\CS\TWAMPd\ap\mysqld.exe: Normal shutdown

160222 21:34:52 [Note] Event Scheduler: Purging the queue. 0 events
160222 21:34:52 [Note] C:\Program Files (x86)\CS\TWAMPd\ap\mysqld.exe: Shutdown complete

160222 21:39:07 [Note] Plugin 'InnoDB' is disabled.
160222 21:39:08 [Note] Event Scheduler: Loaded 0 events
160222 21:39:08 [Note] C:\Program Files (x86)\CS\TWAMPd\ap\mysqld.exe: ready for connections.
Version: '5.1.49-community'  socket: ''  port: 3306  MySQL Community Server (GPL)
160222 21:43:25 [Note] C:\Program Files (x86)\CS\TWAMPd\ap\mysqld.exe: Normal shutdown

160222 21:43:25 [Note] Event Scheduler: Purging the queue. 0 events
160222 21:43:25 [Note] C:\Program Files (x86)\CS\TWAMPd\ap\mysqld.exe: Shutdown complete

160222 21:44:59 [Note] Plugin 'InnoDB' is disabled.
160222 21:44:59 [Note] Event Scheduler: Loaded 0 events
160222 21:44:59 [Note] C:\TWAMPd\ap\mysqld.exe: ready for connections.
Version: '5.1.49-community'  socket: ''  port: 3306  MySQL Community Server (GPL)
160222 22:10:10 [Note] C:\TWAMPd\ap\mysqld.exe: Normal shutdown

160222 22:10:10 [Note] Event Scheduler: Purging the queue. 0 events
160222 22:10:10 [Note] C:\TWAMPd\ap\mysqld.exe: Shutdown complete

160222 22:11:24 [Note] Plugin 'InnoDB' is disabled.
160222 22:11:25 [Note] Event Scheduler: Loaded 0 events
160222 22:11:25 [Note] C:\TWAMPd\ap\mysqld.exe: ready for connections.
Version: '5.1.49-community'  socket: ''  port: 3306  MySQL Community Server (GPL)
160222 22:20:35 [Note] C:\TWAMPd\ap\mysqld.exe: Normal shutdown

160222 22:20:35 [Note] Event Scheduler: Purging the queue. 0 events
160222 22:20:35 [Note] C:\TWAMPd\ap\mysqld.exe: Shutdown complete

160222 22:21:24 [Note] Plugin 'InnoDB' is disabled.
160222 22:21:24 [Note] Event Scheduler: Loaded 0 events
160222 22:21:24 [Note] C:\TWAMPd\ap\mysqld.exe: ready for connections.
Version: '5.1.49-community'  socket: ''  port: 3306  MySQL Community Server (GPL)
160224 16:03:52 [Note] Plugin 'InnoDB' is disabled.
160224 16:03:55 [Note] Event Scheduler: Loaded 0 events
160224 16:03:55 [Note] C:\TWAMPd\ap\mysqld.exe: ready for connections.
Version: '5.1.49-community'  socket: ''  port: 3306  MySQL Community Server (GPL)
160225 17:58:33 [Note] Plugin 'InnoDB' is disabled.
160225 17:58:43 [Note] Event Scheduler: Loaded 0 events
160225 17:58:43 [Note] C:\TWAMPd\ap\mysqld.exe: ready for connections.
Version: '5.1.49-community'  socket: ''  port: 3306  MySQL Community Server (GPL)
160317 15:12:41 [Note] Plugin 'InnoDB' is disabled.
160317 15:12:42 [Note] Event Scheduler: Loaded 0 events
160317 15:12:42 [Note] C:\TWAMPd\ap\mysqld.exe: ready for connections.
Version: '5.1.49-community'  socket: ''  port: 3306  MySQL Community Server (GPL)
160317 21:14:20 [Note] C:\TWAMPd\ap\mysqld.exe: Normal shutdown

160317 21:14:20 [Note] Event Scheduler: Purging the queue. 0 events
160317 21:14:20 [Note] C:\TWAMPd\ap\mysqld.exe: Shutdown complete

160331 13:39:37 [Note] Plugin 'InnoDB' is disabled.
160331 13:39:38 [Note] Event Scheduler: Loaded 0 events
160331 13:39:38 [Note] C:\TWAMPd\ap\mysqld.exe: ready for connections.
Version: '5.1.49-community'  socket: ''  port: 3306  MySQL Community Server (GPL)
160401  8:58:04 [Note] Plugin 'InnoDB' is disabled.
160401  8:58:07 [Note] Event Scheduler: Loaded 0 events
160401  8:58:07 [Note] C:\TWAMPd\ap\mysqld.exe: ready for connections.
Version: '5.1.49-community'  socket: ''  port: 3306  MySQL Community Server (GPL)
160401 14:03:32 [Note] Plugin 'InnoDB' is disabled.
160401 14:03:32 [Note] Event Scheduler: Loaded 0 events
160401 14:03:32 [Note] C:\TWAMPd\ap\mysqld.exe: ready for connections.
Version: '5.1.49-community'  socket: ''  port: 3306  MySQL Community Server (GPL)
160407 10:31:11 [Note] Plugin 'InnoDB' is disabled.
160407 10:31:12 [Note] Event Scheduler: Loaded 0 events
160407 10:31:12 [Note] C:\TWAMPd\ap\mysqld.exe: ready for connections.
Version: '5.1.49-community'  socket: ''  port: 3306  MySQL Community Server (GPL)
160409 11:14:28 [Note] Plugin 'InnoDB' is disabled.
160409 11:14:29 [Note] Event Scheduler: Loaded 0 events
160409 11:14:29 [Note] C:\TWAMPd\ap\mysqld.exe: ready for connections.
Version: '5.1.49-community'  socket: ''  port: 3306  MySQL Community Server (GPL)
160415 20:09:53 [Note] Plugin 'InnoDB' is disabled.
160415 20:09:56 [Note] Event Scheduler: Loaded 0 events
160415 20:09:56 [Note] C:\TWAMPd\ap\mysqld.exe: ready for connections.
Version: '5.1.49-community'  socket: ''  port: 3306  MySQL Community Server (GPL)
160416 20:57:53 [Note] Plugin 'InnoDB' is disabled.
160416 20:57:53 [Note] Event Scheduler: Loaded 0 events
160416 20:57:53 [Note] C:\TWAMPd\ap\mysqld.exe: ready for connections.
Version: '5.1.49-community'  socket: ''  port: 3306  MySQL Community Server (GPL)
160418 14:00:57 [Note] Plugin 'InnoDB' is disabled.
160418 14:00:57 [Note] Event Scheduler: Loaded 0 events
160418 14:00:57 [Note] C:\TWAMPd\ap\mysqld.exe: ready for connections.
Version: '5.1.49-community'  socket: ''  port: 3306  MySQL Community Server (GPL)
160428 23:16:57 [Note] Plugin 'InnoDB' is disabled.
160428 23:17:11 [Note] Event Scheduler: Loaded 0 events
160428 23:17:11 [Note] C:\TWAMPd\ap\mysqld.exe: ready for connections.
Version: '5.1.49-community'  socket: ''  port: 3306  MySQL Community Server (GPL)
160512 18:15:26 [Note] Plugin 'InnoDB' is disabled.
160512 18:15:28 [Note] Event Scheduler: Loaded 0 events
160512 18:15:28 [Note] C:\TWAMPd\ap\mysqld.exe: ready for connections.
Version: '5.1.49-community'  socket: ''  port: 3306  MySQL Community Server (GPL)
160516 17:26:14 [Note] Plugin 'InnoDB' is disabled.
160516 17:26:16 [Note] Event Scheduler: Loaded 0 events
160516 17:26:16 [Note] C:\TWAMPd\ap\mysqld.exe: ready for connections.
Version: '5.1.49-community'  socket: ''  port: 3306  MySQL Community Server (GPL)
160516 21:10:30 [Note] Plugin 'InnoDB' is disabled.
160516 21:10:30 [Note] Event Scheduler: Loaded 0 events
160516 21:10:30 [Note] C:\TWAMPd\ap\mysqld.exe: ready for connections.
Version: '5.1.49-community'  socket: ''  port: 3306  MySQL Community Server (GPL)
160518 11:15:23 [Note] Plugin 'InnoDB' is disabled.
160518 11:15:24 [Note] Event Scheduler: Loaded 0 events
160518 11:15:24 [Note] C:\TWAMPd\ap\mysqld.exe: ready for connections.
Version: '5.1.49-community'  socket: ''  port: 3306  MySQL Community Server (GPL)
160518 14:17:35 [Note] Plugin 'InnoDB' is disabled.
160518 14:17:35 [Note] Event Scheduler: Loaded 0 events
160518 14:17:35 [Note] C:\TWAMPd_2\ap\mysqld.exe: ready for connections.
Version: '5.1.49-community'  socket: ''  port: 3306  MySQL Community Server (GPL)
160518 14:24:34 [Note] C:\TWAMPd_2\ap\mysqld.exe: Normal shutdown

160518 14:24:34 [Note] Event Scheduler: Purging the queue. 0 events
160518 14:24:34 [Note] C:\TWAMPd_2\ap\mysqld.exe: Shutdown complete

160518 14:24:42 [Note] Plugin 'InnoDB' is disabled.
160518 14:24:42 [Note] Event Scheduler: Loaded 0 events
160518 14:24:42 [Note] C:\TWAMPd_2\ap\mysqld.exe: ready for connections.
Version: '5.1.49-community'  socket: ''  port: 3306  MySQL Community Server (GPL)
160518 14:25:07 [Note] C:\TWAMPd_2\ap\mysqld.exe: Normal shutdown

160518 14:25:07 [Note] Event Scheduler: Purging the queue. 0 events
160518 14:25:09 [Note] C:\TWAMPd_2\ap\mysqld.exe: Shutdown complete

160519 15:02:57 [Note] Plugin 'InnoDB' is disabled.
160519 15:02:57 [Note] Event Scheduler: Loaded 0 events
160519 15:02:57 [Note] C:\TWAMPd_2\ap\mysqld.exe: ready for connections.
Version: '5.1.49-community'  socket: ''  port: 3306  MySQL Community Server (GPL)
160519 20:23:20 [Note] Plugin 'InnoDB' is disabled.
160519 20:23:20 [Note] Event Scheduler: Loaded 0 events
160519 20:23:20 [Note] C:\Users\admin\Desktop\簽名驗證系統\TWAMPd_2\ap\mysqld.exe: ready for connections.
Version: '5.1.49-community'  socket: ''  port: 3306  MySQL Community Server (GPL)
160519 20:23:50 [Note] C:\Users\admin\Desktop\簽名驗證系統\TWAMPd_2\ap\mysqld.exe: Normal shutdown

160519 20:23:50 [Note] Event Scheduler: Purging the queue. 0 events
160519 20:23:50 [Note] C:\Users\admin\Desktop\簽名驗證系統\TWAMPd_2\ap\mysqld.exe: Shutdown complete

